[INFO] Scanning for projects...
[INFO] 
[INFO] ------------------------< com.eduflex:eduflex >-------------------------
[INFO] Building eduflex 2.0.1-Beta
[INFO]   from pom.xml
[INFO] --------------------------------[ jar ]---------------------------------
[INFO] 
[INFO] --- resources:3.3.1:resources (default-resources) @ eduflex ---
[INFO] Copying 1 resource from src\main\resources to target\classes
[INFO] Copying 123 resources from src\main\resources to target\classes
[INFO] 
[INFO] --- compiler:3.13.0:compile (default-compile) @ eduflex ---
[INFO] Recompiling the module because of changed source code.
[INFO] Compiling 613 source files with javac [debug parameters release 21] to target\classes
[INFO] /E:/Projekt/EduFlex/eduflex/src/main/java/com/eduflex/backend/service/CertificateService.java: Some input files use or override a deprecated API.
[INFO] /E:/Projekt/EduFlex/eduflex/src/main/java/com/eduflex/backend/service/CertificateService.java: Recompile with -Xlint:deprecation for details.
[INFO] /E:/Projekt/EduFlex/eduflex/src/main/java/com/eduflex/backend/service/ai/GeminiService.java: Some input files use unchecked or unsafe operations.
[INFO] /E:/Projekt/EduFlex/eduflex/src/main/java/com/eduflex/backend/service/ai/GeminiService.java: Recompile with -Xlint:unchecked for details.
[INFO] -------------------------------------------------------------
[ERROR] COMPILATION ERROR : 
[INFO] -------------------------------------------------------------
[ERROR] /E:/Projekt/EduFlex/eduflex/src/main/java/com/eduflex/backend/util/VapidKeyGenerator.java:[18,32] cannot find symbol
  symbol:   method generateKeyPair()
  location: class nl.martijndwars.webpush.Utils
[ERROR] /E:/Projekt/EduFlex/eduflex/src/main/java/com/eduflex/backend/util/VapidKeyGenerator.java:[22,38] cannot find symbol
  symbol:   method savePublicKey(java.security.interfaces.ECPublicKey)
  location: class nl.martijndwars.webpush.Utils
[ERROR] /E:/Projekt/EduFlex/eduflex/src/main/java/com/eduflex/backend/util/VapidKeyGenerator.java:[23,39] cannot find symbol
  symbol:   method savePrivateKey(java.security.interfaces.ECPrivateKey)
  location: class nl.martijndwars.webpush.Utils
[INFO] 3 errors 
[INFO] -------------------------------------------------------------
[INFO] ------------------------------------------------------------------------
[INFO] BUILD FAILURE
[INFO] ------------------------------------------------------------------------
[INFO] Total time:  16.390 s
[INFO] Finished at: 2026-02-23T15:38:30+01:00
[INFO] ------------------------------------------------------------------------
[ERROR] Failed to execute goal org.apache.maven.plugins:maven-compiler-plugin:3.13.0:compile (default-compile) on project eduflex: Compilation failure: Compilation failure: 
[ERROR] /E:/Projekt/EduFlex/eduflex/src/main/java/com/eduflex/backend/util/VapidKeyGenerator.java:[18,32] cannot find symbol
[ERROR]   symbol:   method generateKeyPair()
[ERROR]   location: class nl.martijndwars.webpush.Utils
[ERROR] /E:/Projekt/EduFlex/eduflex/src/main/java/com/eduflex/backend/util/VapidKeyGenerator.java:[22,38] cannot find symbol
[ERROR]   symbol:   method savePublicKey(java.security.interfaces.ECPublicKey)
[ERROR]   location: class nl.martijndwars.webpush.Utils
[ERROR] /E:/Projekt/EduFlex/eduflex/src/main/java/com/eduflex/backend/util/VapidKeyGenerator.java:[23,39] cannot find symbol
[ERROR]   symbol:   method savePrivateKey(java.security.interfaces.ECPrivateKey)
[ERROR]   location: class nl.martijndwars.webpush.Utils
[ERROR] -> [Help 1]
[ERROR] 
[ERROR] To see the full stack trace of the errors, re-run Maven with the -e switch.
[ERROR] Re-run Maven using the -X switch to enable full debug logging.
[ERROR] 
[ERROR] For more information about the errors and possible solutions, please read the following articles:
[ERROR] [Help 1] http://cwiki.apache.org/confluence/display/MAVEN/MojoFailureException
