WARNING: A terminally deprecated method in sun.misc.Unsafe has been called
WARNING: sun.misc.Unsafe::staticFieldBase has been called by com.google.inject.internal.aop.HiddenClassDefiner (file:/C:/Users/alxpa/.m2/wrapper/dists/apache-maven-3.9.11/03d7e36a140982eea48e22c1dcac01d8862b2550b2939e09a0809bbc5182a5bc/lib/guice-5.1.0-classes.jar)
WARNING: Please consider reporting this to the maintainers of class com.google.inject.internal.aop.HiddenClassDefiner
WARNING: sun.misc.Unsafe::staticFieldBase will be removed in a future release
[INFO] Scanning for projects...
[INFO] 
[INFO] ------------------------< com.eduflex:eduflex >-------------------------
[INFO] Building eduflex 2.0.1-Beta
[INFO]   from pom.xml
[INFO] --------------------------------[ jar ]---------------------------------
[INFO] 
[INFO] --- resources:3.3.1:resources (default-resources) @ eduflex ---
[INFO] Copying 1 resource from src\main\resources to target\classes
[INFO] Copying 24206 resources from src\main\resources to target\classes
[INFO] 
[INFO] --- compiler:3.11.0:compile (default-compile) @ eduflex ---
[INFO] Changes detected - recompiling the module! :source
[INFO] Compiling 426 source files with javac [debug release 21] to target\classes
[INFO] /E:/Projekt/EduFlex/eduflex/src/main/java/com/eduflex/backend/service/PaymentService.java: Some input files use or override a deprecated API.
[INFO] /E:/Projekt/EduFlex/eduflex/src/main/java/com/eduflex/backend/service/PaymentService.java: Recompile with -Xlint:deprecation for details.
[INFO] /E:/Projekt/EduFlex/eduflex/src/main/java/com/eduflex/backend/service/ai/GeminiService.java: Some input files use unchecked or unsafe operations.
[INFO] /E:/Projekt/EduFlex/eduflex/src/main/java/com/eduflex/backend/service/ai/GeminiService.java: Recompile with -Xlint:unchecked for details.
[INFO] -------------------------------------------------------------
[ERROR] COMPILATION ERROR : 
[INFO] -------------------------------------------------------------
[ERROR] /E:/Projekt/EduFlex/eduflex/src/main/java/com/eduflex/backend/service/UserStreakService.java:[51,31] cannot find symbol
  symbol:   method getFreezesAvailable()
  location: variable streak of type com.eduflex.backend.model.UserStreak
[ERROR] /E:/Projekt/EduFlex/eduflex/src/main/java/com/eduflex/backend/service/UserStreakService.java:[51,71] cannot find symbol
  symbol:   method getFreezesAvailable()
  location: variable streak of type com.eduflex.backend.model.UserStreak
[ERROR] /E:/Projekt/EduFlex/eduflex/src/main/java/com/eduflex/backend/service/UserStreakService.java:[69,19] cannot find symbol
  symbol:   method setCurrentStreak(int)
  location: variable streak of type com.eduflex.backend.model.UserStreak
[ERROR] /E:/Projekt/EduFlex/eduflex/src/main/java/com/eduflex/backend/service/UserStreakService.java:[70,19] cannot find symbol
  symbol:   method setLongestStreak(int)
  location: variable streak of type com.eduflex.backend.model.UserStreak
[ERROR] /E:/Projekt/EduFlex/eduflex/src/main/java/com/eduflex/backend/service/UserStreakService.java:[71,19] cannot find symbol
  symbol:   method setLastActivityDate(java.time.LocalDate)
  location: variable streak of type com.eduflex.backend.model.UserStreak
[INFO] 5 errors 
[INFO] -------------------------------------------------------------
[INFO] ------------------------------------------------------------------------
[INFO] BUILD FAILURE
[INFO] ------------------------------------------------------------------------
[INFO] Total time:  20.072 s
[INFO] Finished at: 2026-02-08T18:35:16+01:00
[INFO] ------------------------------------------------------------------------
[ERROR] Failed to execute goal org.apache.maven.plugins:maven-compiler-plugin:3.11.0:compile (default-compile) on project eduflex: Compilation failure: Compilation failure: 
[ERROR] /E:/Projekt/EduFlex/eduflex/src/main/java/com/eduflex/backend/service/UserStreakService.java:[51,31] cannot find symbol
[ERROR]   symbol:   method getFreezesAvailable()
[ERROR]   location: variable streak of type com.eduflex.backend.model.UserStreak
[ERROR] /E:/Projekt/EduFlex/eduflex/src/main/java/com/eduflex/backend/service/UserStreakService.java:[51,71] cannot find symbol
[ERROR]   symbol:   method getFreezesAvailable()
[ERROR]   location: variable streak of type com.eduflex.backend.model.UserStreak
[ERROR] /E:/Projekt/EduFlex/eduflex/src/main/java/com/eduflex/backend/service/UserStreakService.java:[69,19] cannot find symbol
[ERROR]   symbol:   method setCurrentStreak(int)
[ERROR]   location: variable streak of type com.eduflex.backend.model.UserStreak
[ERROR] /E:/Projekt/EduFlex/eduflex/src/main/java/com/eduflex/backend/service/UserStreakService.java:[70,19] cannot find symbol
[ERROR]   symbol:   method setLongestStreak(int)
[ERROR]   location: variable streak of type com.eduflex.backend.model.UserStreak
[ERROR] /E:/Projekt/EduFlex/eduflex/src/main/java/com/eduflex/backend/service/UserStreakService.java:[71,19] cannot find symbol
[ERROR]   symbol:   method setLastActivityDate(java.time.LocalDate)
[ERROR]   location: variable streak of type com.eduflex.backend.model.UserStreak
[ERROR] -> [Help 1]
[ERROR] 
[ERROR] To see the full stack trace of the errors, re-run Maven with the -e switch.
[ERROR] Re-run Maven using the -X switch to enable full debug logging.
[ERROR] 
[ERROR] For more information about the errors and possible solutions, please read the following articles:
[ERROR] [Help 1] http://cwiki.apache.org/confluence/display/MAVEN/MojoFailureException
