WARNING: A terminally deprecated method in sun.misc.Unsafe has been called
WARNING: sun.misc.Unsafe::staticFieldBase has been called by com.google.inject.internal.aop.HiddenClassDefiner (file:/C:/Users/alxpa/.m2/wrapper/dists/apache-maven-3.9.11/03d7e36a140982eea48e22c1dcac01d8862b2550b2939e09a0809bbc5182a5bc/lib/guice-5.1.0-classes.jar)
WARNING: Please consider reporting this to the maintainers of class com.google.inject.internal.aop.HiddenClassDefiner
WARNING: sun.misc.Unsafe::staticFieldBase will be removed in a future release
[INFO] Scanning for projects...
[INFO] 
[INFO] ------------------------< com.eduflex:eduflex >-------------------------
[INFO] Building eduflex 0.0.2-SNAPSHOT
[INFO]   from pom.xml
[INFO] --------------------------------[ jar ]---------------------------------
[INFO] 
[INFO] --- clean:3.3.2:clean (default-clean) @ eduflex ---
[INFO] Deleting E:\Projekt\EduFlex\eduflex\target
[INFO] 
[INFO] --- resources:3.3.1:resources (default-resources) @ eduflex ---
[INFO] Copying 1 resource from src\main\resources to target\classes
[INFO] Copying 3 resources from src\main\resources to target\classes
[INFO] 
[INFO] --- compiler:3.11.0:compile (default-compile) @ eduflex ---
[INFO] Changes detected - recompiling the module! :source
[INFO] Compiling 158 source files with javac [debug release 17] to target\classes
[INFO] /E:/Projekt/EduFlex/eduflex/src/main/java/com/eduflex/backend/service/PaymentService.java: Some input files use or override a deprecated API.
[INFO] /E:/Projekt/EduFlex/eduflex/src/main/java/com/eduflex/backend/service/PaymentService.java: Recompile with -Xlint:deprecation for details.
[INFO] /E:/Projekt/EduFlex/eduflex/src/main/java/com/eduflex/backend/controller/PaymentController.java: E:\Projekt\EduFlex\eduflex\src\main\java\com\eduflex\backend\controller\PaymentController.java uses unchecked or unsafe operations.
[INFO] /E:/Projekt/EduFlex/eduflex/src/main/java/com/eduflex/backend/controller/PaymentController.java: Recompile with -Xlint:unchecked for details.
[INFO] -------------------------------------------------------------
[ERROR] COMPILATION ERROR : 
[INFO] -------------------------------------------------------------
[ERROR] /E:/Projekt/EduFlex/eduflex/src/main/java/com/eduflex/backend/controller/AttendanceController.java:[46,52] cannot find symbol
  symbol:   method isPresent()
  location: variable att of type com.eduflex.backend.model.Attendance
[ERROR] /E:/Projekt/EduFlex/eduflex/src/main/java/com/eduflex/backend/controller/AttendanceController.java:[48,47] cannot find symbol
  symbol:   method getNote()
  location: variable att of type com.eduflex.backend.model.Attendance
[ERROR] /E:/Projekt/EduFlex/eduflex/src/main/java/com/eduflex/backend/controller/AttendanceController.java:[48,71] cannot find symbol
  symbol:   method getNote()
  location: variable att of type com.eduflex.backend.model.Attendance
[ERROR] /E:/Projekt/EduFlex/eduflex/src/main/java/com/eduflex/backend/controller/AttendanceController.java:[73,23] cannot find symbol
  symbol:   method setEvent(com.eduflex.backend.model.CourseEvent)
  location: variable attendance of type com.eduflex.backend.model.Attendance
[ERROR] /E:/Projekt/EduFlex/eduflex/src/main/java/com/eduflex/backend/controller/AttendanceController.java:[74,23] cannot find symbol
  symbol:   method setStudent(com.eduflex.backend.model.User)
  location: variable attendance of type com.eduflex.backend.model.Attendance
[ERROR] /E:/Projekt/EduFlex/eduflex/src/main/java/com/eduflex/backend/controller/AttendanceController.java:[76,19] cannot find symbol
  symbol:   method setPresent(boolean)
  location: variable attendance of type com.eduflex.backend.model.Attendance
[ERROR] /E:/Projekt/EduFlex/eduflex/src/main/java/com/eduflex/backend/controller/AttendanceController.java:[78,23] cannot find symbol
  symbol:   method setNote(java.lang.String)
  location: variable attendance of type com.eduflex.backend.model.Attendance
[ERROR] /E:/Projekt/EduFlex/eduflex/src/main/java/com/eduflex/backend/controller/ChatController.java:[45,20] cannot find symbol
  symbol:   method setTimestamp(java.time.LocalDateTime)
  location: variable chatMessage of type com.eduflex.backend.model.ChatMessage
[ERROR] /E:/Projekt/EduFlex/eduflex/src/main/java/com/eduflex/backend/controller/ChatController.java:[46,24] cannot find symbol
  symbol:   method getIsRead()
  location: variable chatMessage of type com.eduflex.backend.model.ChatMessage
[ERROR] /E:/Projekt/EduFlex/eduflex/src/main/java/com/eduflex/backend/controller/ChatController.java:[47,24] cannot find symbol
  symbol:   method setIsRead(boolean)
  location: variable chatMessage of type com.eduflex.backend.model.ChatMessage
[ERROR] /E:/Projekt/EduFlex/eduflex/src/main/java/com/eduflex/backend/controller/ChatController.java:[62,63] cannot find symbol
  symbol:   method getSenderName()
  location: variable chatMessage of type com.eduflex.backend.model.ChatMessage
[ERROR] /E:/Projekt/EduFlex/eduflex/src/main/java/com/eduflex/backend/service/RevenueExportService.java:[34,45] cannot find symbol
  symbol:   method getIssueDate()
  location: variable inv of type com.eduflex.backend.model.Invoice
[ERROR] /E:/Projekt/EduFlex/eduflex/src/main/java/com/eduflex/backend/service/RevenueExportService.java:[51,32] cannot find symbol
  symbol:   method getId()
  location: variable invoice of type com.eduflex.backend.model.Invoice
[ERROR] /E:/Projekt/EduFlex/eduflex/src/main/java/com/eduflex/backend/service/RevenueExportService.java:[52,56] cannot find symbol
  symbol:   method getInvoiceNumber()
  location: variable invoice of type com.eduflex.backend.model.Invoice
[ERROR] /E:/Projekt/EduFlex/eduflex/src/main/java/com/eduflex/backend/service/RevenueExportService.java:[53,56] cannot find symbol
  symbol:   method getUser()
  location: variable invoice of type com.eduflex.backend.model.Invoice
[ERROR] /E:/Projekt/EduFlex/eduflex/src/main/java/com/eduflex/backend/service/RevenueExportService.java:[54,32] cannot find symbol
  symbol:   method getAmount()
  location: variable invoice of type com.eduflex.backend.model.Invoice
[ERROR] /E:/Projekt/EduFlex/eduflex/src/main/java/com/eduflex/backend/service/RevenueExportService.java:[55,32] cannot find symbol
  symbol:   method getCurrency()
  location: variable invoice of type com.eduflex.backend.model.Invoice
[ERROR] /E:/Projekt/EduFlex/eduflex/src/main/java/com/eduflex/backend/service/RevenueExportService.java:[56,32] cannot find symbol
  symbol:   method getStatus()
  location: variable invoice of type com.eduflex.backend.model.Invoice
[ERROR] /E:/Projekt/EduFlex/eduflex/src/main/java/com/eduflex/backend/service/RevenueExportService.java:[57,32] cannot find symbol
  symbol:   method getIssueDate()
  location: variable invoice of type com.eduflex.backend.model.Invoice
[ERROR] /E:/Projekt/EduFlex/eduflex/src/main/java/com/eduflex/backend/service/RevenueExportService.java:[58,32] cannot find symbol
  symbol:   method getDueDate()
  location: variable invoice of type com.eduflex.backend.model.Invoice
[ERROR] /E:/Projekt/EduFlex/eduflex/src/main/java/com/eduflex/backend/service/RevenueExportService.java:[59,32] cannot find symbol
  symbol:   method getPaidDate()
  location: variable invoice of type com.eduflex.backend.model.Invoice
[ERROR] /E:/Projekt/EduFlex/eduflex/src/main/java/com/eduflex/backend/service/RevenueExportService.java:[59,64] cannot find symbol
  symbol:   method getPaidDate()
  location: variable invoice of type com.eduflex.backend.model.Invoice
[ERROR] /E:/Projekt/EduFlex/eduflex/src/main/java/com/eduflex/backend/service/RevenueExportService.java:[60,32] cannot find symbol
  symbol:   method getSubscriptionPlan()
  location: variable invoice of type com.eduflex.backend.model.Invoice
[ERROR] /E:/Projekt/EduFlex/eduflex/src/main/java/com/eduflex/backend/service/RevenueExportService.java:[61,66] cannot find symbol
  symbol:   method getSubscriptionPlan()
  location: variable invoice of type com.eduflex.backend.model.Invoice
[ERROR] /E:/Projekt/EduFlex/eduflex/src/main/java/com/eduflex/backend/service/RevenueExportService.java:[63,32] cannot find symbol
  symbol:   method getPayment()
  location: variable invoice of type com.eduflex.backend.model.Invoice
[ERROR] /E:/Projekt/EduFlex/eduflex/src/main/java/com/eduflex/backend/service/RevenueExportService.java:[63,63] cannot find symbol
  symbol:   method getPayment()
  location: variable invoice of type com.eduflex.backend.model.Invoice
[ERROR] /E:/Projekt/EduFlex/eduflex/src/main/java/com/eduflex/backend/service/CourseService.java:[190,17] cannot find symbol
  symbol:   method setTitle(java.lang.String)
  location: variable material of type com.eduflex.backend.model.CourseMaterial
[ERROR] /E:/Projekt/EduFlex/eduflex/src/main/java/com/eduflex/backend/service/CourseService.java:[191,17] cannot find symbol
  symbol:   method setContent(java.lang.String)
  location: variable material of type com.eduflex.backend.model.CourseMaterial
[ERROR] /E:/Projekt/EduFlex/eduflex/src/main/java/com/eduflex/backend/service/CourseService.java:[192,17] cannot find symbol
  symbol:   method setLink(java.lang.String)
  location: variable material of type com.eduflex.backend.model.CourseMaterial
[ERROR] /E:/Projekt/EduFlex/eduflex/src/main/java/com/eduflex/backend/service/CourseService.java:[193,17] cannot find symbol
  symbol:   method setType(com.eduflex.backend.model.CourseMaterial.MaterialType)
  location: variable material of type com.eduflex.backend.model.CourseMaterial
[ERROR] /E:/Projekt/EduFlex/eduflex/src/main/java/com/eduflex/backend/service/CourseService.java:[194,17] cannot find symbol
  symbol:   method setCourse(com.eduflex.backend.model.Course)
  location: variable material of type com.eduflex.backend.model.CourseMaterial
[ERROR] /E:/Projekt/EduFlex/eduflex/src/main/java/com/eduflex/backend/service/CourseService.java:[200,21] cannot find symbol
  symbol:   method setFileUrl(java.lang.String)
  location: variable material of type com.eduflex.backend.model.CourseMaterial
[ERROR] /E:/Projekt/EduFlex/eduflex/src/main/java/com/eduflex/backend/service/CourseService.java:[210,21] cannot find symbol
  symbol:   method setTitle(java.lang.String)
  location: variable material of type com.eduflex.backend.model.CourseMaterial
[ERROR] /E:/Projekt/EduFlex/eduflex/src/main/java/com/eduflex/backend/service/CourseService.java:[212,21] cannot find symbol
  symbol:   method setContent(java.lang.String)
  location: variable material of type com.eduflex.backend.model.CourseMaterial
[ERROR] /E:/Projekt/EduFlex/eduflex/src/main/java/com/eduflex/backend/service/CourseService.java:[214,21] cannot find symbol
  symbol:   method setLink(java.lang.String)
  location: variable material of type com.eduflex.backend.model.CourseMaterial
[ERROR] /E:/Projekt/EduFlex/eduflex/src/main/java/com/eduflex/backend/service/CourseService.java:[220,21] cannot find symbol
  symbol:   method setFileUrl(java.lang.String)
  location: variable material of type com.eduflex.backend.model.CourseMaterial
[ERROR] /E:/Projekt/EduFlex/eduflex/src/main/java/com/eduflex/backend/service/CourseService.java:[271,17] cannot find symbol
  symbol:   method setEvaluation(com.eduflex.backend.model.CourseEvaluation)
  location: variable response of type com.eduflex.backend.model.CourseEvaluationResponse
[ERROR] /E:/Projekt/EduFlex/eduflex/src/main/java/com/eduflex/backend/service/CourseService.java:[272,17] cannot find symbol
  symbol:   method setStudent(com.eduflex.backend.model.User)
  location: variable response of type com.eduflex.backend.model.CourseEvaluationResponse
[ERROR] /E:/Projekt/EduFlex/eduflex/src/main/java/com/eduflex/backend/service/CourseService.java:[273,17] cannot find symbol
  symbol:   method setAnswers(java.util.Map<java.lang.Integer,java.lang.String>)
  location: variable response of type com.eduflex.backend.model.CourseEvaluationResponse
[ERROR] /E:/Projekt/EduFlex/eduflex/src/main/java/com/eduflex/backend/service/CourseService.java:[274,17] cannot find symbol
  symbol:   method setSubmittedAt(java.time.LocalDateTime)
  location: variable response of type com.eduflex.backend.model.CourseEvaluationResponse
[ERROR] /E:/Projekt/EduFlex/eduflex/src/main/java/com/eduflex/backend/service/RedisMessageSubscriber.java:[34,92] cannot find symbol
  symbol:   method getId()
  location: variable chatMessage of type com.eduflex.backend.model.ChatMessage
[ERROR] /E:/Projekt/EduFlex/eduflex/src/main/java/com/eduflex/backend/service/UserDocumentService.java:[60,16] cannot find symbol
  symbol:   method setTitle(java.lang.String)
  location: variable doc of type com.eduflex.backend.model.UserDocument
[ERROR] /E:/Projekt/EduFlex/eduflex/src/main/java/com/eduflex/backend/service/UserDocumentService.java:[61,16] cannot find symbol
  symbol:   method setType(java.lang.String)
  location: variable doc of type com.eduflex.backend.model.UserDocument
[ERROR] /E:/Projekt/EduFlex/eduflex/src/main/java/com/eduflex/backend/service/UserDocumentService.java:[62,16] cannot find symbol
  symbol:   method setDescription(java.lang.String)
  location: variable doc of type com.eduflex.backend.model.UserDocument
[ERROR] /E:/Projekt/EduFlex/eduflex/src/main/java/com/eduflex/backend/service/UserDocumentService.java:[63,16] cannot find symbol
  symbol:   method setUploadDate(java.time.LocalDate)
  location: variable doc of type com.eduflex.backend.model.UserDocument
[ERROR] /E:/Projekt/EduFlex/eduflex/src/main/java/com/eduflex/backend/service/UserDocumentService.java:[64,16] cannot find symbol
  symbol:   method setOwner(com.eduflex.backend.model.User)
  location: variable doc of type com.eduflex.backend.model.UserDocument
[ERROR] /E:/Projekt/EduFlex/eduflex/src/main/java/com/eduflex/backend/service/UserDocumentService.java:[65,16] cannot find symbol
  symbol:   method setFileName(java.lang.String)
  location: variable doc of type com.eduflex.backend.model.UserDocument
[ERROR] /E:/Projekt/EduFlex/eduflex/src/main/java/com/eduflex/backend/service/UserDocumentService.java:[66,16] cannot find symbol
  symbol:   method setContentType(java.lang.String)
  location: variable doc of type com.eduflex.backend.model.UserDocument
[ERROR] /E:/Projekt/EduFlex/eduflex/src/main/java/com/eduflex/backend/service/UserDocumentService.java:[67,16] cannot find symbol
  symbol:   method setFileUrl(java.lang.String)
  location: variable doc of type com.eduflex.backend.model.UserDocument
[ERROR] /E:/Projekt/EduFlex/eduflex/src/main/java/com/eduflex/backend/service/UserDocumentService.java:[80,46] cannot find symbol
  symbol:   method getFileUrl()
  location: variable doc of type com.eduflex.backend.model.UserDocument
[ERROR] /E:/Projekt/EduFlex/eduflex/src/main/java/com/eduflex/backend/service/PaymentService.java:[68,20] cannot find symbol
  symbol:   method setStatus(com.eduflex.backend.model.Payment.PaymentStatus)
  location: variable payment of type com.eduflex.backend.model.Payment
[ERROR] /E:/Projekt/EduFlex/eduflex/src/main/java/com/eduflex/backend/service/PaymentService.java:[70,24] cannot find symbol
  symbol:   method setPaymentDate(java.time.LocalDateTime)
  location: variable payment of type com.eduflex.backend.model.Payment
[ERROR] /E:/Projekt/EduFlex/eduflex/src/main/java/com/eduflex/backend/service/PaymentService.java:[79,24] cannot find symbol
  symbol:   method getStatus()
  location: variable payment of type com.eduflex.backend.model.Payment
[ERROR] /E:/Projekt/EduFlex/eduflex/src/main/java/com/eduflex/backend/service/PaymentService.java:[85,47] cannot find symbol
  symbol:   method getTransactionId()
  location: variable payment of type com.eduflex.backend.model.Payment
[ERROR] /E:/Projekt/EduFlex/eduflex/src/main/java/com/eduflex/backend/service/PaymentService.java:[85,75] cannot find symbol
  symbol:   method getAmount()
  location: variable payment of type com.eduflex.backend.model.Payment
[ERROR] /E:/Projekt/EduFlex/eduflex/src/main/java/com/eduflex/backend/service/PaymentService.java:[87,20] cannot find symbol
  symbol:   method setStatus(com.eduflex.backend.model.Payment.PaymentStatus)
  location: variable payment of type com.eduflex.backend.model.Payment
[ERROR] /E:/Projekt/EduFlex/eduflex/src/main/java/com/eduflex/backend/service/PaymentService.java:[94,28] cannot find symbol
  symbol:   method getPayment()
  location: variable invoice of type com.eduflex.backend.model.Invoice
[ERROR] /E:/Projekt/EduFlex/eduflex/src/main/java/com/eduflex/backend/service/PaymentService.java:[94,60] cannot find symbol
  symbol:   method getPayment()
  location: variable invoice of type com.eduflex.backend.model.Invoice
[ERROR] /E:/Projekt/EduFlex/eduflex/src/main/java/com/eduflex/backend/service/PaymentService.java:[95,28] cannot find symbol
  symbol:   method setStatus(com.eduflex.backend.model.Invoice.InvoiceStatus)
  location: variable invoice of type com.eduflex.backend.model.Invoice
[ERROR] /E:/Projekt/EduFlex/eduflex/src/main/java/com/eduflex/backend/service/PaymentService.java:[112,36] cannot find symbol
  symbol:   method setStatus(com.eduflex.backend.model.Payment.PaymentStatus)
  location: variable payment of type com.eduflex.backend.model.Payment
[ERROR] /E:/Projekt/EduFlex/eduflex/src/main/java/com/eduflex/backend/service/PaymentService.java:[113,36] cannot find symbol
  symbol:   method setPaymentDate(java.time.LocalDateTime)
  location: variable payment of type com.eduflex.backend.model.Payment
[ERROR] /E:/Projekt/EduFlex/eduflex/src/main/java/com/eduflex/backend/service/PaymentService.java:[116,36] cannot find symbol
  symbol:   method setStatus(com.eduflex.backend.model.Payment.PaymentStatus)
  location: variable payment of type com.eduflex.backend.model.Payment
[ERROR] /E:/Projekt/EduFlex/eduflex/src/main/java/com/eduflex/backend/service/PaymentService.java:[119,36] cannot find symbol
  symbol:   method setStatus(com.eduflex.backend.model.Payment.PaymentStatus)
  location: variable payment of type com.eduflex.backend.model.Payment
[ERROR] /E:/Projekt/EduFlex/eduflex/src/main/java/com/eduflex/backend/service/PaymentService.java:[137,22] invalid method reference
  cannot find symbol
    symbol:   method getAmount()
    location: class com.eduflex.backend.model.Payment
[ERROR] /E:/Projekt/EduFlex/eduflex/src/main/java/com/eduflex/backend/service/PaymentService.java:[144,22] invalid method reference
  cannot find symbol
    symbol:   method getAmount()
    location: class com.eduflex.backend.model.Payment
[ERROR] /E:/Projekt/EduFlex/eduflex/src/main/java/com/eduflex/backend/service/PaymentService.java:[151,31] cannot find symbol
  symbol:   method getStatus()
  location: variable p of type com.eduflex.backend.model.Payment
[ERROR] /E:/Projekt/EduFlex/eduflex/src/main/java/com/eduflex/backend/controller/PromoCodeController.java:[74,42] cannot find symbol
  symbol:   method getCode()
  location: variable promo of type com.eduflex.backend.model.PromoCode
[ERROR] /E:/Projekt/EduFlex/eduflex/src/main/java/com/eduflex/backend/controller/PromoCodeController.java:[75,50] cannot find symbol
  symbol:   method getDiscountType()
  location: variable promo of type com.eduflex.backend.model.PromoCode
[ERROR] /E:/Projekt/EduFlex/eduflex/src/main/java/com/eduflex/backend/controller/PromoCodeController.java:[76,51] cannot find symbol
  symbol:   method getDiscountValue()
  location: variable promo of type com.eduflex.backend.model.PromoCode
[ERROR] /E:/Projekt/EduFlex/eduflex/src/main/java/com/eduflex/backend/service/PromoCodeService.java:[23,55] cannot find symbol
  symbol:   method getCode()
  location: variable promoCode of type com.eduflex.backend.model.PromoCode
[ERROR] /E:/Projekt/EduFlex/eduflex/src/main/java/com/eduflex/backend/service/PromoCodeService.java:[24,89] cannot find symbol
  symbol:   method getCode()
  location: variable promoCode of type com.eduflex.backend.model.PromoCode
[ERROR] /E:/Projekt/EduFlex/eduflex/src/main/java/com/eduflex/backend/service/PromoCodeService.java:[31,37] cannot find symbol
  symbol:   method getCode()
  location: variable updated of type com.eduflex.backend.model.PromoCode
[ERROR] /E:/Projekt/EduFlex/eduflex/src/main/java/com/eduflex/backend/service/PromoCodeService.java:[32,45] cannot find symbol
  symbol:   method getDiscountType()
  location: variable updated of type com.eduflex.backend.model.PromoCode
[ERROR] /E:/Projekt/EduFlex/eduflex/src/main/java/com/eduflex/backend/service/PromoCodeService.java:[33,46] cannot find symbol
  symbol:   method getDiscountValue()
  location: variable updated of type com.eduflex.backend.model.PromoCode
[ERROR] /E:/Projekt/EduFlex/eduflex/src/main/java/com/eduflex/backend/service/PromoCodeService.java:[34,42] cannot find symbol
  symbol:   method getValidFrom()
  location: variable updated of type com.eduflex.backend.model.PromoCode
[ERROR] /E:/Projekt/EduFlex/eduflex/src/main/java/com/eduflex/backend/service/PromoCodeService.java:[35,43] cannot find symbol
  symbol:   method getValidUntil()
  location: variable updated of type com.eduflex.backend.model.PromoCode
[ERROR] /E:/Projekt/EduFlex/eduflex/src/main/java/com/eduflex/backend/service/PromoCodeService.java:[36,40] cannot find symbol
  symbol:   method getMaxUses()
  location: variable updated of type com.eduflex.backend.model.PromoCode
[ERROR] /E:/Projekt/EduFlex/eduflex/src/main/java/com/eduflex/backend/service/PromoCodeService.java:[37,41] cannot find symbol
  symbol:   method getIsActive()
  location: variable updated of type com.eduflex.backend.model.PromoCode
[ERROR] /E:/Projekt/EduFlex/eduflex/src/main/java/com/eduflex/backend/service/PromoCodeService.java:[56,30] cannot find symbol
  symbol:   method getDiscountType()
  location: variable promo of type com.eduflex.backend.model.PromoCode
[ERROR] /E:/Projekt/EduFlex/eduflex/src/main/java/com/eduflex/backend/service/PromoCodeService.java:[57,65] cannot find symbol
  symbol:   method getDiscountValue()
  location: variable promo of type com.eduflex.backend.model.PromoCode
[ERROR] /E:/Projekt/EduFlex/eduflex/src/main/java/com/eduflex/backend/service/PromoCodeService.java:[60,41] cannot find symbol
  symbol:   method getDiscountValue()
  location: variable promo of type com.eduflex.backend.model.PromoCode
[ERROR] /E:/Projekt/EduFlex/eduflex/src/main/java/com/eduflex/backend/service/PromoCodeService.java:[75,39] cannot find symbol
  symbol:   method getCurrentUses()
  location: variable promo of type com.eduflex.backend.model.PromoCode
[ERROR] /E:/Projekt/EduFlex/eduflex/src/main/java/com/eduflex/backend/service/SubscriptionPlanService.java:[43,17] cannot find symbol
  symbol:   method getIsDefault()
  location: variable plan of type com.eduflex.backend.model.SubscriptionPlan
[ERROR] /E:/Projekt/EduFlex/eduflex/src/main/java/com/eduflex/backend/service/SubscriptionPlanService.java:[45,32] cannot find symbol
  symbol:   method setIsDefault(boolean)
  location: variable existingDefault of type com.eduflex.backend.model.SubscriptionPlan
[ERROR] /E:/Projekt/EduFlex/eduflex/src/main/java/com/eduflex/backend/service/SubscriptionPlanService.java:[55,37] cannot find symbol
  symbol:   method getName()
  location: variable updatedPlan of type com.eduflex.backend.model.SubscriptionPlan
[ERROR] /E:/Projekt/EduFlex/eduflex/src/main/java/com/eduflex/backend/service/SubscriptionPlanService.java:[56,44] cannot find symbol
  symbol:   method getDisplayName()
  location: variable updatedPlan of type com.eduflex.backend.model.SubscriptionPlan
[ERROR] /E:/Projekt/EduFlex/eduflex/src/main/java/com/eduflex/backend/service/SubscriptionPlanService.java:[57,44] cannot find symbol
  symbol:   method getDescription()
  location: variable updatedPlan of type com.eduflex.backend.model.SubscriptionPlan
[ERROR] /E:/Projekt/EduFlex/eduflex/src/main/java/com/eduflex/backend/service/SubscriptionPlanService.java:[58,38] cannot find symbol
  symbol:   method getPrice()
  location: variable updatedPlan of type com.eduflex.backend.model.SubscriptionPlan
[ERROR] /E:/Projekt/EduFlex/eduflex/src/main/java/com/eduflex/backend/service/SubscriptionPlanService.java:[59,41] cannot find symbol
  symbol:   method getCurrency()
  location: variable updatedPlan of type com.eduflex.backend.model.SubscriptionPlan
[ERROR] /E:/Projekt/EduFlex/eduflex/src/main/java/com/eduflex/backend/service/SubscriptionPlanService.java:[60,48] cannot find symbol
  symbol:   method getBillingInterval()
  location: variable updatedPlan of type com.eduflex.backend.model.SubscriptionPlan
[ERROR] /E:/Projekt/EduFlex/eduflex/src/main/java/com/eduflex/backend/service/SubscriptionPlanService.java:[61,41] cannot find symbol
  symbol:   method getMaxUsers()
  location: variable updatedPlan of type com.eduflex.backend.model.SubscriptionPlan
[ERROR] /E:/Projekt/EduFlex/eduflex/src/main/java/com/eduflex/backend/service/SubscriptionPlanService.java:[62,43] cannot find symbol
  symbol:   method getMaxCourses()
  location: variable updatedPlan of type com.eduflex.backend.model.SubscriptionPlan
[ERROR] /E:/Projekt/EduFlex/eduflex/src/main/java/com/eduflex/backend/service/SubscriptionPlanService.java:[63,43] cannot find symbol
  symbol:   method getMaxStorage()
  location: variable updatedPlan of type com.eduflex.backend.model.SubscriptionPlan
[ERROR] /E:/Projekt/EduFlex/eduflex/src/main/java/com/eduflex/backend/service/SubscriptionPlanService.java:[64,41] cannot find symbol
  symbol:   method getFeatures()
  location: variable updatedPlan of type com.eduflex.backend.model.SubscriptionPlan
[ERROR] /E:/Projekt/EduFlex/eduflex/src/main/java/com/eduflex/backend/service/SubscriptionPlanService.java:[65,39] cannot find symbol
  symbol:   method getActive()
  location: variable updatedPlan of type com.eduflex.backend.model.SubscriptionPlan
[ERROR] /E:/Projekt/EduFlex/eduflex/src/main/java/com/eduflex/backend/service/SubscriptionPlanService.java:[66,42] cannot find symbol
  symbol:   method getSortOrder()
  location: variable updatedPlan of type com.eduflex.backend.model.SubscriptionPlan
[ERROR] /E:/Projekt/EduFlex/eduflex/src/main/java/com/eduflex/backend/service/SubscriptionPlanService.java:[69,28] cannot find symbol
  symbol:   method getIsDefault()
  location: variable updatedPlan of type com.eduflex.backend.model.SubscriptionPlan
[ERROR] /E:/Projekt/EduFlex/eduflex/src/main/java/com/eduflex/backend/service/SubscriptionPlanService.java:[69,52] cannot find symbol
  symbol:   method getIsDefault()
  location: variable plan of type com.eduflex.backend.model.SubscriptionPlan
[ERROR] /E:/Projekt/EduFlex/eduflex/src/main/java/com/eduflex/backend/service/SubscriptionPlanService.java:[71,36] cannot find symbol
  symbol:   method setIsDefault(boolean)
  location: variable existingDefault of type com.eduflex.backend.model.SubscriptionPlan
[ERROR] /E:/Projekt/EduFlex/eduflex/src/main/java/com/eduflex/backend/service/SubscriptionPlanService.java:[75,42] cannot find symbol
  symbol:   method getIsDefault()
  location: variable updatedPlan of type com.eduflex.backend.model.SubscriptionPlan
[INFO] 100 errors 
[INFO] -------------------------------------------------------------
[INFO] ------------------------------------------------------------------------
[INFO] BUILD FAILURE
[INFO] ------------------------------------------------------------------------
[INFO] Total time:  4.700 s
[INFO] Finished at: 2026-01-12T09:47:14+01:00
[INFO] ------------------------------------------------------------------------
[ERROR] Failed to execute goal org.apache.maven.plugins:maven-compiler-plugin:3.11.0:compile (default-compile) on project eduflex: Compilation failure: Compilation failure: 
[ERROR] /E:/Projekt/EduFlex/eduflex/src/main/java/com/eduflex/backend/controller/AttendanceController.java:[46,52] cannot find symbol
[ERROR]   symbol:   method isPresent()
[ERROR]   location: variable att of type com.eduflex.backend.model.Attendance
[ERROR] /E:/Projekt/EduFlex/eduflex/src/main/java/com/eduflex/backend/controller/AttendanceController.java:[48,47] cannot find symbol
[ERROR]   symbol:   method getNote()
[ERROR]   location: variable att of type com.eduflex.backend.model.Attendance
[ERROR] /E:/Projekt/EduFlex/eduflex/src/main/java/com/eduflex/backend/controller/AttendanceController.java:[48,71] cannot find symbol
[ERROR]   symbol:   method getNote()
[ERROR]   location: variable att of type com.eduflex.backend.model.Attendance
[ERROR] /E:/Projekt/EduFlex/eduflex/src/main/java/com/eduflex/backend/controller/AttendanceController.java:[73,23] cannot find symbol
[ERROR]   symbol:   method setEvent(com.eduflex.backend.model.CourseEvent)
[ERROR]   location: variable attendance of type com.eduflex.backend.model.Attendance
[ERROR] /E:/Projekt/EduFlex/eduflex/src/main/java/com/eduflex/backend/controller/AttendanceController.java:[74,23] cannot find symbol
[ERROR]   symbol:   method setStudent(com.eduflex.backend.model.User)
[ERROR]   location: variable attendance of type com.eduflex.backend.model.Attendance
[ERROR] /E:/Projekt/EduFlex/eduflex/src/main/java/com/eduflex/backend/controller/AttendanceController.java:[76,19] cannot find symbol
[ERROR]   symbol:   method setPresent(boolean)
[ERROR]   location: variable attendance of type com.eduflex.backend.model.Attendance
[ERROR] /E:/Projekt/EduFlex/eduflex/src/main/java/com/eduflex/backend/controller/AttendanceController.java:[78,23] cannot find symbol
[ERROR]   symbol:   method setNote(java.lang.String)
[ERROR]   location: variable attendance of type com.eduflex.backend.model.Attendance
[ERROR] /E:/Projekt/EduFlex/eduflex/src/main/java/com/eduflex/backend/controller/ChatController.java:[45,20] cannot find symbol
[ERROR]   symbol:   method setTimestamp(java.time.LocalDateTime)
[ERROR]   location: variable chatMessage of type com.eduflex.backend.model.ChatMessage
[ERROR] /E:/Projekt/EduFlex/eduflex/src/main/java/com/eduflex/backend/controller/ChatController.java:[46,24] cannot find symbol
[ERROR]   symbol:   method getIsRead()
[ERROR]   location: variable chatMessage of type com.eduflex.backend.model.ChatMessage
[ERROR] /E:/Projekt/EduFlex/eduflex/src/main/java/com/eduflex/backend/controller/ChatController.java:[47,24] cannot find symbol
[ERROR]   symbol:   method setIsRead(boolean)
[ERROR]   location: variable chatMessage of type com.eduflex.backend.model.ChatMessage
[ERROR] /E:/Projekt/EduFlex/eduflex/src/main/java/com/eduflex/backend/controller/ChatController.java:[62,63] cannot find symbol
[ERROR]   symbol:   method getSenderName()
[ERROR]   location: variable chatMessage of type com.eduflex.backend.model.ChatMessage
[ERROR] /E:/Projekt/EduFlex/eduflex/src/main/java/com/eduflex/backend/service/RevenueExportService.java:[34,45] cannot find symbol
[ERROR]   symbol:   method getIssueDate()
[ERROR]   location: variable inv of type com.eduflex.backend.model.Invoice
[ERROR] /E:/Projekt/EduFlex/eduflex/src/main/java/com/eduflex/backend/service/RevenueExportService.java:[51,32] cannot find symbol
[ERROR]   symbol:   method getId()
[ERROR]   location: variable invoice of type com.eduflex.backend.model.Invoice
[ERROR] /E:/Projekt/EduFlex/eduflex/src/main/java/com/eduflex/backend/service/RevenueExportService.java:[52,56] cannot find symbol
[ERROR]   symbol:   method getInvoiceNumber()
[ERROR]   location: variable invoice of type com.eduflex.backend.model.Invoice
[ERROR] /E:/Projekt/EduFlex/eduflex/src/main/java/com/eduflex/backend/service/RevenueExportService.java:[53,56] cannot find symbol
[ERROR]   symbol:   method getUser()
[ERROR]   location: variable invoice of type com.eduflex.backend.model.Invoice
[ERROR] /E:/Projekt/EduFlex/eduflex/src/main/java/com/eduflex/backend/service/RevenueExportService.java:[54,32] cannot find symbol
[ERROR]   symbol:   method getAmount()
[ERROR]   location: variable invoice of type com.eduflex.backend.model.Invoice
[ERROR] /E:/Projekt/EduFlex/eduflex/src/main/java/com/eduflex/backend/service/RevenueExportService.java:[55,32] cannot find symbol
[ERROR]   symbol:   method getCurrency()
[ERROR]   location: variable invoice of type com.eduflex.backend.model.Invoice
[ERROR] /E:/Projekt/EduFlex/eduflex/src/main/java/com/eduflex/backend/service/RevenueExportService.java:[56,32] cannot find symbol
[ERROR]   symbol:   method getStatus()
[ERROR]   location: variable invoice of type com.eduflex.backend.model.Invoice
[ERROR] /E:/Projekt/EduFlex/eduflex/src/main/java/com/eduflex/backend/service/RevenueExportService.java:[57,32] cannot find symbol
[ERROR]   symbol:   method getIssueDate()
[ERROR]   location: variable invoice of type com.eduflex.backend.model.Invoice
[ERROR] /E:/Projekt/EduFlex/eduflex/src/main/java/com/eduflex/backend/service/RevenueExportService.java:[58,32] cannot find symbol
[ERROR]   symbol:   method getDueDate()
[ERROR]   location: variable invoice of type com.eduflex.backend.model.Invoice
[ERROR] /E:/Projekt/EduFlex/eduflex/src/main/java/com/eduflex/backend/service/RevenueExportService.java:[59,32] cannot find symbol
[ERROR]   symbol:   method getPaidDate()
[ERROR]   location: variable invoice of type com.eduflex.backend.model.Invoice
[ERROR] /E:/Projekt/EduFlex/eduflex/src/main/java/com/eduflex/backend/service/RevenueExportService.java:[59,64] cannot find symbol
[ERROR]   symbol:   method getPaidDate()
[ERROR]   location: variable invoice of type com.eduflex.backend.model.Invoice
[ERROR] /E:/Projekt/EduFlex/eduflex/src/main/java/com/eduflex/backend/service/RevenueExportService.java:[60,32] cannot find symbol
[ERROR]   symbol:   method getSubscriptionPlan()
[ERROR]   location: variable invoice of type com.eduflex.backend.model.Invoice
[ERROR] /E:/Projekt/EduFlex/eduflex/src/main/java/com/eduflex/backend/service/RevenueExportService.java:[61,66] cannot find symbol
[ERROR]   symbol:   method getSubscriptionPlan()
[ERROR]   location: variable invoice of type com.eduflex.backend.model.Invoice
[ERROR] /E:/Projekt/EduFlex/eduflex/src/main/java/com/eduflex/backend/service/RevenueExportService.java:[63,32] cannot find symbol
[ERROR]   symbol:   method getPayment()
[ERROR]   location: variable invoice of type com.eduflex.backend.model.Invoice
[ERROR] /E:/Projekt/EduFlex/eduflex/src/main/java/com/eduflex/backend/service/RevenueExportService.java:[63,63] cannot find symbol
[ERROR]   symbol:   method getPayment()
[ERROR]   location: variable invoice of type com.eduflex.backend.model.Invoice
[ERROR] /E:/Projekt/EduFlex/eduflex/src/main/java/com/eduflex/backend/service/CourseService.java:[190,17] cannot find symbol
[ERROR]   symbol:   method setTitle(java.lang.String)
[ERROR]   location: variable material of type com.eduflex.backend.model.CourseMaterial
[ERROR] /E:/Projekt/EduFlex/eduflex/src/main/java/com/eduflex/backend/service/CourseService.java:[191,17] cannot find symbol
[ERROR]   symbol:   method setContent(java.lang.String)
[ERROR]   location: variable material of type com.eduflex.backend.model.CourseMaterial
[ERROR] /E:/Projekt/EduFlex/eduflex/src/main/java/com/eduflex/backend/service/CourseService.java:[192,17] cannot find symbol
[ERROR]   symbol:   method setLink(java.lang.String)
[ERROR]   location: variable material of type com.eduflex.backend.model.CourseMaterial
[ERROR] /E:/Projekt/EduFlex/eduflex/src/main/java/com/eduflex/backend/service/CourseService.java:[193,17] cannot find symbol
[ERROR]   symbol:   method setType(com.eduflex.backend.model.CourseMaterial.MaterialType)
[ERROR]   location: variable material of type com.eduflex.backend.model.CourseMaterial
[ERROR] /E:/Projekt/EduFlex/eduflex/src/main/java/com/eduflex/backend/service/CourseService.java:[194,17] cannot find symbol
[ERROR]   symbol:   method setCourse(com.eduflex.backend.model.Course)
[ERROR]   location: variable material of type com.eduflex.backend.model.CourseMaterial
[ERROR] /E:/Projekt/EduFlex/eduflex/src/main/java/com/eduflex/backend/service/CourseService.java:[200,21] cannot find symbol
[ERROR]   symbol:   method setFileUrl(java.lang.String)
[ERROR]   location: variable material of type com.eduflex.backend.model.CourseMaterial
[ERROR] /E:/Projekt/EduFlex/eduflex/src/main/java/com/eduflex/backend/service/CourseService.java:[210,21] cannot find symbol
[ERROR]   symbol:   method setTitle(java.lang.String)
[ERROR]   location: variable material of type com.eduflex.backend.model.CourseMaterial
[ERROR] /E:/Projekt/EduFlex/eduflex/src/main/java/com/eduflex/backend/service/CourseService.java:[212,21] cannot find symbol
[ERROR]   symbol:   method setContent(java.lang.String)
[ERROR]   location: variable material of type com.eduflex.backend.model.CourseMaterial
[ERROR] /E:/Projekt/EduFlex/eduflex/src/main/java/com/eduflex/backend/service/CourseService.java:[214,21] cannot find symbol
[ERROR]   symbol:   method setLink(java.lang.String)
[ERROR]   location: variable material of type com.eduflex.backend.model.CourseMaterial
[ERROR] /E:/Projekt/EduFlex/eduflex/src/main/java/com/eduflex/backend/service/CourseService.java:[220,21] cannot find symbol
[ERROR]   symbol:   method setFileUrl(java.lang.String)
[ERROR]   location: variable material of type com.eduflex.backend.model.CourseMaterial
[ERROR] /E:/Projekt/EduFlex/eduflex/src/main/java/com/eduflex/backend/service/CourseService.java:[271,17] cannot find symbol
[ERROR]   symbol:   method setEvaluation(com.eduflex.backend.model.CourseEvaluation)
[ERROR]   location: variable response of type com.eduflex.backend.model.CourseEvaluationResponse
[ERROR] /E:/Projekt/EduFlex/eduflex/src/main/java/com/eduflex/backend/service/CourseService.java:[272,17] cannot find symbol
[ERROR]   symbol:   method setStudent(com.eduflex.backend.model.User)
[ERROR]   location: variable response of type com.eduflex.backend.model.CourseEvaluationResponse
[ERROR] /E:/Projekt/EduFlex/eduflex/src/main/java/com/eduflex/backend/service/CourseService.java:[273,17] cannot find symbol
[ERROR]   symbol:   method setAnswers(java.util.Map<java.lang.Integer,java.lang.String>)
[ERROR]   location: variable response of type com.eduflex.backend.model.CourseEvaluationResponse
[ERROR] /E:/Projekt/EduFlex/eduflex/src/main/java/com/eduflex/backend/service/CourseService.java:[274,17] cannot find symbol
[ERROR]   symbol:   method setSubmittedAt(java.time.LocalDateTime)
[ERROR]   location: variable response of type com.eduflex.backend.model.CourseEvaluationResponse
[ERROR] /E:/Projekt/EduFlex/eduflex/src/main/java/com/eduflex/backend/service/RedisMessageSubscriber.java:[34,92] cannot find symbol
[ERROR]   symbol:   method getId()
[ERROR]   location: variable chatMessage of type com.eduflex.backend.model.ChatMessage
[ERROR] /E:/Projekt/EduFlex/eduflex/src/main/java/com/eduflex/backend/service/UserDocumentService.java:[60,16] cannot find symbol
[ERROR]   symbol:   method setTitle(java.lang.String)
[ERROR]   location: variable doc of type com.eduflex.backend.model.UserDocument
[ERROR] /E:/Projekt/EduFlex/eduflex/src/main/java/com/eduflex/backend/service/UserDocumentService.java:[61,16] cannot find symbol
[ERROR]   symbol:   method setType(java.lang.String)
[ERROR]   location: variable doc of type com.eduflex.backend.model.UserDocument
[ERROR] /E:/Projekt/EduFlex/eduflex/src/main/java/com/eduflex/backend/service/UserDocumentService.java:[62,16] cannot find symbol
[ERROR]   symbol:   method setDescription(java.lang.String)
[ERROR]   location: variable doc of type com.eduflex.backend.model.UserDocument
[ERROR] /E:/Projekt/EduFlex/eduflex/src/main/java/com/eduflex/backend/service/UserDocumentService.java:[63,16] cannot find symbol
[ERROR]   symbol:   method setUploadDate(java.time.LocalDate)
[ERROR]   location: variable doc of type com.eduflex.backend.model.UserDocument
[ERROR] /E:/Projekt/EduFlex/eduflex/src/main/java/com/eduflex/backend/service/UserDocumentService.java:[64,16] cannot find symbol
[ERROR]   symbol:   method setOwner(com.eduflex.backend.model.User)
[ERROR]   location: variable doc of type com.eduflex.backend.model.UserDocument
[ERROR] /E:/Projekt/EduFlex/eduflex/src/main/java/com/eduflex/backend/service/UserDocumentService.java:[65,16] cannot find symbol
[ERROR]   symbol:   method setFileName(java.lang.String)
[ERROR]   location: variable doc of type com.eduflex.backend.model.UserDocument
[ERROR] /E:/Projekt/EduFlex/eduflex/src/main/java/com/eduflex/backend/service/UserDocumentService.java:[66,16] cannot find symbol
[ERROR]   symbol:   method setContentType(java.lang.String)
[ERROR]   location: variable doc of type com.eduflex.backend.model.UserDocument
[ERROR] /E:/Projekt/EduFlex/eduflex/src/main/java/com/eduflex/backend/service/UserDocumentService.java:[67,16] cannot find symbol
[ERROR]   symbol:   method setFileUrl(java.lang.String)
[ERROR]   location: variable doc of type com.eduflex.backend.model.UserDocument
[ERROR] /E:/Projekt/EduFlex/eduflex/src/main/java/com/eduflex/backend/service/UserDocumentService.java:[80,46] cannot find symbol
[ERROR]   symbol:   method getFileUrl()
[ERROR]   location: variable doc of type com.eduflex.backend.model.UserDocument
[ERROR] /E:/Projekt/EduFlex/eduflex/src/main/java/com/eduflex/backend/service/PaymentService.java:[68,20] cannot find symbol
[ERROR]   symbol:   method setStatus(com.eduflex.backend.model.Payment.PaymentStatus)
[ERROR]   location: variable payment of type com.eduflex.backend.model.Payment
[ERROR] /E:/Projekt/EduFlex/eduflex/src/main/java/com/eduflex/backend/service/PaymentService.java:[70,24] cannot find symbol
[ERROR]   symbol:   method setPaymentDate(java.time.LocalDateTime)
[ERROR]   location: variable payment of type com.eduflex.backend.model.Payment
[ERROR] /E:/Projekt/EduFlex/eduflex/src/main/java/com/eduflex/backend/service/PaymentService.java:[79,24] cannot find symbol
[ERROR]   symbol:   method getStatus()
[ERROR]   location: variable payment of type com.eduflex.backend.model.Payment
[ERROR] /E:/Projekt/EduFlex/eduflex/src/main/java/com/eduflex/backend/service/PaymentService.java:[85,47] cannot find symbol
[ERROR]   symbol:   method getTransactionId()
[ERROR]   location: variable payment of type com.eduflex.backend.model.Payment
[ERROR] /E:/Projekt/EduFlex/eduflex/src/main/java/com/eduflex/backend/service/PaymentService.java:[85,75] cannot find symbol
[ERROR]   symbol:   method getAmount()
[ERROR]   location: variable payment of type com.eduflex.backend.model.Payment
[ERROR] /E:/Projekt/EduFlex/eduflex/src/main/java/com/eduflex/backend/service/PaymentService.java:[87,20] cannot find symbol
[ERROR]   symbol:   method setStatus(com.eduflex.backend.model.Payment.PaymentStatus)
[ERROR]   location: variable payment of type com.eduflex.backend.model.Payment
[ERROR] /E:/Projekt/EduFlex/eduflex/src/main/java/com/eduflex/backend/service/PaymentService.java:[94,28] cannot find symbol
[ERROR]   symbol:   method getPayment()
[ERROR]   location: variable invoice of type com.eduflex.backend.model.Invoice
[ERROR] /E:/Projekt/EduFlex/eduflex/src/main/java/com/eduflex/backend/service/PaymentService.java:[94,60] cannot find symbol
[ERROR]   symbol:   method getPayment()
[ERROR]   location: variable invoice of type com.eduflex.backend.model.Invoice
[ERROR] /E:/Projekt/EduFlex/eduflex/src/main/java/com/eduflex/backend/service/PaymentService.java:[95,28] cannot find symbol
[ERROR]   symbol:   method setStatus(com.eduflex.backend.model.Invoice.InvoiceStatus)
[ERROR]   location: variable invoice of type com.eduflex.backend.model.Invoice
[ERROR] /E:/Projekt/EduFlex/eduflex/src/main/java/com/eduflex/backend/service/PaymentService.java:[112,36] cannot find symbol
[ERROR]   symbol:   method setStatus(com.eduflex.backend.model.Payment.PaymentStatus)
[ERROR]   location: variable payment of type com.eduflex.backend.model.Payment
[ERROR] /E:/Projekt/EduFlex/eduflex/src/main/java/com/eduflex/backend/service/PaymentService.java:[113,36] cannot find symbol
[ERROR]   symbol:   method setPaymentDate(java.time.LocalDateTime)
[ERROR]   location: variable payment of type com.eduflex.backend.model.Payment
[ERROR] /E:/Projekt/EduFlex/eduflex/src/main/java/com/eduflex/backend/service/PaymentService.java:[116,36] cannot find symbol
[ERROR]   symbol:   method setStatus(com.eduflex.backend.model.Payment.PaymentStatus)
[ERROR]   location: variable payment of type com.eduflex.backend.model.Payment
[ERROR] /E:/Projekt/EduFlex/eduflex/src/main/java/com/eduflex/backend/service/PaymentService.java:[119,36] cannot find symbol
[ERROR]   symbol:   method setStatus(com.eduflex.backend.model.Payment.PaymentStatus)
[ERROR]   location: variable payment of type com.eduflex.backend.model.Payment
[ERROR] /E:/Projekt/EduFlex/eduflex/src/main/java/com/eduflex/backend/service/PaymentService.java:[137,22] invalid method reference
[ERROR]   cannot find symbol
[ERROR]     symbol:   method getAmount()
[ERROR]     location: class com.eduflex.backend.model.Payment
[ERROR] /E:/Projekt/EduFlex/eduflex/src/main/java/com/eduflex/backend/service/PaymentService.java:[144,22] invalid method reference
[ERROR]   cannot find symbol
[ERROR]     symbol:   method getAmount()
[ERROR]     location: class com.eduflex.backend.model.Payment
[ERROR] /E:/Projekt/EduFlex/eduflex/src/main/java/com/eduflex/backend/service/PaymentService.java:[151,31] cannot find symbol
[ERROR]   symbol:   method getStatus()
[ERROR]   location: variable p of type com.eduflex.backend.model.Payment
[ERROR] /E:/Projekt/EduFlex/eduflex/src/main/java/com/eduflex/backend/controller/PromoCodeController.java:[74,42] cannot find symbol
[ERROR]   symbol:   method getCode()
[ERROR]   location: variable promo of type com.eduflex.backend.model.PromoCode
[ERROR] /E:/Projekt/EduFlex/eduflex/src/main/java/com/eduflex/backend/controller/PromoCodeController.java:[75,50] cannot find symbol
[ERROR]   symbol:   method getDiscountType()
[ERROR]   location: variable promo of type com.eduflex.backend.model.PromoCode
[ERROR] /E:/Projekt/EduFlex/eduflex/src/main/java/com/eduflex/backend/controller/PromoCodeController.java:[76,51] cannot find symbol
[ERROR]   symbol:   method getDiscountValue()
[ERROR]   location: variable promo of type com.eduflex.backend.model.PromoCode
[ERROR] /E:/Projekt/EduFlex/eduflex/src/main/java/com/eduflex/backend/service/PromoCodeService.java:[23,55] cannot find symbol
[ERROR]   symbol:   method getCode()
[ERROR]   location: variable promoCode of type com.eduflex.backend.model.PromoCode
[ERROR] /E:/Projekt/EduFlex/eduflex/src/main/java/com/eduflex/backend/service/PromoCodeService.java:[24,89] cannot find symbol
[ERROR]   symbol:   method getCode()
[ERROR]   location: variable promoCode of type com.eduflex.backend.model.PromoCode
[ERROR] /E:/Projekt/EduFlex/eduflex/src/main/java/com/eduflex/backend/service/PromoCodeService.java:[31,37] cannot find symbol
[ERROR]   symbol:   method getCode()
[ERROR]   location: variable updated of type com.eduflex.backend.model.PromoCode
[ERROR] /E:/Projekt/EduFlex/eduflex/src/main/java/com/eduflex/backend/service/PromoCodeService.java:[32,45] cannot find symbol
[ERROR]   symbol:   method getDiscountType()
[ERROR]   location: variable updated of type com.eduflex.backend.model.PromoCode
[ERROR] /E:/Projekt/EduFlex/eduflex/src/main/java/com/eduflex/backend/service/PromoCodeService.java:[33,46] cannot find symbol
[ERROR]   symbol:   method getDiscountValue()
[ERROR]   location: variable updated of type com.eduflex.backend.model.PromoCode
[ERROR] /E:/Projekt/EduFlex/eduflex/src/main/java/com/eduflex/backend/service/PromoCodeService.java:[34,42] cannot find symbol
[ERROR]   symbol:   method getValidFrom()
[ERROR]   location: variable updated of type com.eduflex.backend.model.PromoCode
[ERROR] /E:/Projekt/EduFlex/eduflex/src/main/java/com/eduflex/backend/service/PromoCodeService.java:[35,43] cannot find symbol
[ERROR]   symbol:   method getValidUntil()
[ERROR]   location: variable updated of type com.eduflex.backend.model.PromoCode
[ERROR] /E:/Projekt/EduFlex/eduflex/src/main/java/com/eduflex/backend/service/PromoCodeService.java:[36,40] cannot find symbol
[ERROR]   symbol:   method getMaxUses()
[ERROR]   location: variable updated of type com.eduflex.backend.model.PromoCode
[ERROR] /E:/Projekt/EduFlex/eduflex/src/main/java/com/eduflex/backend/service/PromoCodeService.java:[37,41] cannot find symbol
[ERROR]   symbol:   method getIsActive()
[ERROR]   location: variable updated of type com.eduflex.backend.model.PromoCode
[ERROR] /E:/Projekt/EduFlex/eduflex/src/main/java/com/eduflex/backend/service/PromoCodeService.java:[56,30] cannot find symbol
[ERROR]   symbol:   method getDiscountType()
[ERROR]   location: variable promo of type com.eduflex.backend.model.PromoCode
[ERROR] /E:/Projekt/EduFlex/eduflex/src/main/java/com/eduflex/backend/service/PromoCodeService.java:[57,65] cannot find symbol
[ERROR]   symbol:   method getDiscountValue()
[ERROR]   location: variable promo of type com.eduflex.backend.model.PromoCode
[ERROR] /E:/Projekt/EduFlex/eduflex/src/main/java/com/eduflex/backend/service/PromoCodeService.java:[60,41] cannot find symbol
[ERROR]   symbol:   method getDiscountValue()
[ERROR]   location: variable promo of type com.eduflex.backend.model.PromoCode
[ERROR] /E:/Projekt/EduFlex/eduflex/src/main/java/com/eduflex/backend/service/PromoCodeService.java:[75,39] cannot find symbol
[ERROR]   symbol:   method getCurrentUses()
[ERROR]   location: variable promo of type com.eduflex.backend.model.PromoCode
[ERROR] /E:/Projekt/EduFlex/eduflex/src/main/java/com/eduflex/backend/service/SubscriptionPlanService.java:[43,17] cannot find symbol
[ERROR]   symbol:   method getIsDefault()
[ERROR]   location: variable plan of type com.eduflex.backend.model.SubscriptionPlan
[ERROR] /E:/Projekt/EduFlex/eduflex/src/main/java/com/eduflex/backend/service/SubscriptionPlanService.java:[45,32] cannot find symbol
[ERROR]   symbol:   method setIsDefault(boolean)
[ERROR]   location: variable existingDefault of type com.eduflex.backend.model.SubscriptionPlan
[ERROR] /E:/Projekt/EduFlex/eduflex/src/main/java/com/eduflex/backend/service/SubscriptionPlanService.java:[55,37] cannot find symbol
[ERROR]   symbol:   method getName()
[ERROR]   location: variable updatedPlan of type com.eduflex.backend.model.SubscriptionPlan
[ERROR] /E:/Projekt/EduFlex/eduflex/src/main/java/com/eduflex/backend/service/SubscriptionPlanService.java:[56,44] cannot find symbol
[ERROR]   symbol:   method getDisplayName()
[ERROR]   location: variable updatedPlan of type com.eduflex.backend.model.SubscriptionPlan
[ERROR] /E:/Projekt/EduFlex/eduflex/src/main/java/com/eduflex/backend/service/SubscriptionPlanService.java:[57,44] cannot find symbol
[ERROR]   symbol:   method getDescription()
[ERROR]   location: variable updatedPlan of type com.eduflex.backend.model.SubscriptionPlan
[ERROR] /E:/Projekt/EduFlex/eduflex/src/main/java/com/eduflex/backend/service/SubscriptionPlanService.java:[58,38] cannot find symbol
[ERROR]   symbol:   method getPrice()
[ERROR]   location: variable updatedPlan of type com.eduflex.backend.model.SubscriptionPlan
[ERROR] /E:/Projekt/EduFlex/eduflex/src/main/java/com/eduflex/backend/service/SubscriptionPlanService.java:[59,41] cannot find symbol
[ERROR]   symbol:   method getCurrency()
[ERROR]   location: variable updatedPlan of type com.eduflex.backend.model.SubscriptionPlan
[ERROR] /E:/Projekt/EduFlex/eduflex/src/main/java/com/eduflex/backend/service/SubscriptionPlanService.java:[60,48] cannot find symbol
[ERROR]   symbol:   method getBillingInterval()
[ERROR]   location: variable updatedPlan of type com.eduflex.backend.model.SubscriptionPlan
[ERROR] /E:/Projekt/EduFlex/eduflex/src/main/java/com/eduflex/backend/service/SubscriptionPlanService.java:[61,41] cannot find symbol
[ERROR]   symbol:   method getMaxUsers()
[ERROR]   location: variable updatedPlan of type com.eduflex.backend.model.SubscriptionPlan
[ERROR] /E:/Projekt/EduFlex/eduflex/src/main/java/com/eduflex/backend/service/SubscriptionPlanService.java:[62,43] cannot find symbol
[ERROR]   symbol:   method getMaxCourses()
[ERROR]   location: variable updatedPlan of type com.eduflex.backend.model.SubscriptionPlan
[ERROR] /E:/Projekt/EduFlex/eduflex/src/main/java/com/eduflex/backend/service/SubscriptionPlanService.java:[63,43] cannot find symbol
[ERROR]   symbol:   method getMaxStorage()
[ERROR]   location: variable updatedPlan of type com.eduflex.backend.model.SubscriptionPlan
[ERROR] /E:/Projekt/EduFlex/eduflex/src/main/java/com/eduflex/backend/service/SubscriptionPlanService.java:[64,41] cannot find symbol
[ERROR]   symbol:   method getFeatures()
[ERROR]   location: variable updatedPlan of type com.eduflex.backend.model.SubscriptionPlan
[ERROR] /E:/Projekt/EduFlex/eduflex/src/main/java/com/eduflex/backend/service/SubscriptionPlanService.java:[65,39] cannot find symbol
[ERROR]   symbol:   method getActive()
[ERROR]   location: variable updatedPlan of type com.eduflex.backend.model.SubscriptionPlan
[ERROR] /E:/Projekt/EduFlex/eduflex/src/main/java/com/eduflex/backend/service/SubscriptionPlanService.java:[66,42] cannot find symbol
[ERROR]   symbol:   method getSortOrder()
[ERROR]   location: variable updatedPlan of type com.eduflex.backend.model.SubscriptionPlan
[ERROR] /E:/Projekt/EduFlex/eduflex/src/main/java/com/eduflex/backend/service/SubscriptionPlanService.java:[69,28] cannot find symbol
[ERROR]   symbol:   method getIsDefault()
[ERROR]   location: variable updatedPlan of type com.eduflex.backend.model.SubscriptionPlan
[ERROR] /E:/Projekt/EduFlex/eduflex/src/main/java/com/eduflex/backend/service/SubscriptionPlanService.java:[69,52] cannot find symbol
[ERROR]   symbol:   method getIsDefault()
[ERROR]   location: variable plan of type com.eduflex.backend.model.SubscriptionPlan
[ERROR] /E:/Projekt/EduFlex/eduflex/src/main/java/com/eduflex/backend/service/SubscriptionPlanService.java:[71,36] cannot find symbol
[ERROR]   symbol:   method setIsDefault(boolean)
[ERROR]   location: variable existingDefault of type com.eduflex.backend.model.SubscriptionPlan
[ERROR] /E:/Projekt/EduFlex/eduflex/src/main/java/com/eduflex/backend/service/SubscriptionPlanService.java:[75,42] cannot find symbol
[ERROR]   symbol:   method getIsDefault()
[ERROR]   location: variable updatedPlan of type com.eduflex.backend.model.SubscriptionPlan
[ERROR] -> [Help 1]
[ERROR] 
[ERROR] To see the full stack trace of the errors, re-run Maven with the -e switch.
[ERROR] Re-run Maven using the -X switch to enable full debug logging.
[ERROR] 
[ERROR] For more information about the errors and possible solutions, please read the following articles:
[ERROR] [Help 1] http://cwiki.apache.org/confluence/display/MAVEN/MojoFailureException
