WARNING: A terminally deprecated method in sun.misc.Unsafe has been called
WARNING: sun.misc.Unsafe::staticFieldBase has been called by com.google.inject.internal.aop.HiddenClassDefiner (file:/C:/Users/alxpa/.m2/wrapper/dists/apache-maven-3.9.11/03d7e36a140982eea48e22c1dcac01d8862b2550b2939e09a0809bbc5182a5bc/lib/guice-5.1.0-classes.jar)
WARNING: Please consider reporting this to the maintainers of class com.google.inject.internal.aop.HiddenClassDefiner
WARNING: sun.misc.Unsafe::staticFieldBase will be removed in a future release
[INFO] Scanning for projects...
[INFO] 
[INFO] ------------------------< com.eduflex:eduflex >-------------------------
[INFO] Building eduflex 0.0.2-SNAPSHOT
[INFO]   from pom.xml
[INFO] --------------------------------[ jar ]---------------------------------
[INFO] 
[INFO] --- clean:3.3.2:clean (default-clean) @ eduflex ---
[INFO] Deleting E:\Projekt\EduFlex\eduflex\target
[INFO] 
[INFO] --- resources:3.3.1:resources (default-resources) @ eduflex ---
[INFO] Copying 1 resource from src\main\resources to target\classes
[INFO] Copying 3 resources from src\main\resources to target\classes
[INFO] 
[INFO] --- compiler:3.11.0:compile (default-compile) @ eduflex ---
[INFO] Changes detected - recompiling the module! :source
[INFO] Compiling 158 source files with javac [debug release 17] to target\classes
[INFO] /E:/Projekt/EduFlex/eduflex/src/main/java/com/eduflex/backend/service/PaymentService.java: Some input files use or override a deprecated API.
[INFO] /E:/Projekt/EduFlex/eduflex/src/main/java/com/eduflex/backend/service/PaymentService.java: Recompile with -Xlint:deprecation for details.
[INFO] /E:/Projekt/EduFlex/eduflex/src/main/java/com/eduflex/backend/controller/PaymentController.java: E:\Projekt\EduFlex\eduflex\src\main\java\com\eduflex\backend\controller\PaymentController.java uses unchecked or unsafe operations.
[INFO] /E:/Projekt/EduFlex/eduflex/src/main/java/com/eduflex/backend/controller/PaymentController.java: Recompile with -Xlint:unchecked for details.
[INFO] -------------------------------------------------------------
[ERROR] COMPILATION ERROR : 
[INFO] -------------------------------------------------------------
[ERROR] /E:/Projekt/EduFlex/eduflex/src/main/java/com/eduflex/backend/controller/AuthController.java:[79,31] cannot find symbol
  symbol:   method name()
  location: class com.eduflex.backend.model.Role
[ERROR] /E:/Projekt/EduFlex/eduflex/src/main/java/com/eduflex/backend/controller/QuizController.java:[138,27] cannot find symbol
  symbol:   method getQuestionText()
  location: variable item of type com.eduflex.backend.model.QuestionBankItem
[ERROR] /E:/Projekt/EduFlex/eduflex/src/main/java/com/eduflex/backend/controller/QuizController.java:[142,37] cannot find symbol
  symbol:   method getOptions()
  location: variable item of type com.eduflex.backend.model.QuestionBankItem
[ERROR] /E:/Projekt/EduFlex/eduflex/src/main/java/com/eduflex/backend/controller/QuizController.java:[144,41] cannot find symbol
  symbol:   method getOptions()
  location: variable item of type com.eduflex.backend.model.QuestionBankItem
[ERROR] /E:/Projekt/EduFlex/eduflex/src/main/java/com/eduflex/backend/controller/QuizController.java:[151,25] cannot find symbol
  symbol:   method getCorrectAnswer()
  location: variable item of type com.eduflex.backend.model.QuestionBankItem
[ERROR] /E:/Projekt/EduFlex/eduflex/src/main/java/com/eduflex/backend/controller/QuizController.java:[152,37] cannot find symbol
  symbol:   method getCorrectAnswer()
  location: variable item of type com.eduflex.backend.model.QuestionBankItem
[ERROR] /E:/Projekt/EduFlex/eduflex/src/main/java/com/eduflex/backend/controller/QuestionBankController.java:[34,13] cannot find symbol
  symbol:   method setAuthor(com.eduflex.backend.model.User)
  location: variable item of type com.eduflex.backend.model.QuestionBankItem
[ERROR] /E:/Projekt/EduFlex/eduflex/src/main/java/com/eduflex/backend/controller/QuestionBankController.java:[43,17] cannot find symbol
  symbol:   method setAuthor(com.eduflex.backend.model.User)
  location: variable item of type com.eduflex.backend.model.QuestionBankItem
[ERROR] /E:/Projekt/EduFlex/eduflex/src/main/java/com/eduflex/backend/controller/QuestionBankController.java:[70,35] cannot find symbol
  symbol:   method getDifficulty()
  location: variable q of type com.eduflex.backend.model.QuestionBankItem
[INFO] 9 errors 
[INFO] -------------------------------------------------------------
[INFO] ------------------------------------------------------------------------
[INFO] BUILD FAILURE
[INFO] ------------------------------------------------------------------------
[INFO] Total time:  5.295 s
[INFO] Finished at: 2026-01-12T09:54:18+01:00
[INFO] ------------------------------------------------------------------------
[ERROR] Failed to execute goal org.apache.maven.plugins:maven-compiler-plugin:3.11.0:compile (default-compile) on project eduflex: Compilation failure: Compilation failure: 
[ERROR] /E:/Projekt/EduFlex/eduflex/src/main/java/com/eduflex/backend/controller/AuthController.java:[79,31] cannot find symbol
[ERROR]   symbol:   method name()
[ERROR]   location: class com.eduflex.backend.model.Role
[ERROR] /E:/Projekt/EduFlex/eduflex/src/main/java/com/eduflex/backend/controller/QuizController.java:[138,27] cannot find symbol
[ERROR]   symbol:   method getQuestionText()
[ERROR]   location: variable item of type com.eduflex.backend.model.QuestionBankItem
[ERROR] /E:/Projekt/EduFlex/eduflex/src/main/java/com/eduflex/backend/controller/QuizController.java:[142,37] cannot find symbol
[ERROR]   symbol:   method getOptions()
[ERROR]   location: variable item of type com.eduflex.backend.model.QuestionBankItem
[ERROR] /E:/Projekt/EduFlex/eduflex/src/main/java/com/eduflex/backend/controller/QuizController.java:[144,41] cannot find symbol
[ERROR]   symbol:   method getOptions()
[ERROR]   location: variable item of type com.eduflex.backend.model.QuestionBankItem
[ERROR] /E:/Projekt/EduFlex/eduflex/src/main/java/com/eduflex/backend/controller/QuizController.java:[151,25] cannot find symbol
[ERROR]   symbol:   method getCorrectAnswer()
[ERROR]   location: variable item of type com.eduflex.backend.model.QuestionBankItem
[ERROR] /E:/Projekt/EduFlex/eduflex/src/main/java/com/eduflex/backend/controller/QuizController.java:[152,37] cannot find symbol
[ERROR]   symbol:   method getCorrectAnswer()
[ERROR]   location: variable item of type com.eduflex.backend.model.QuestionBankItem
[ERROR] /E:/Projekt/EduFlex/eduflex/src/main/java/com/eduflex/backend/controller/QuestionBankController.java:[34,13] cannot find symbol
[ERROR]   symbol:   method setAuthor(com.eduflex.backend.model.User)
[ERROR]   location: variable item of type com.eduflex.backend.model.QuestionBankItem
[ERROR] /E:/Projekt/EduFlex/eduflex/src/main/java/com/eduflex/backend/controller/QuestionBankController.java:[43,17] cannot find symbol
[ERROR]   symbol:   method setAuthor(com.eduflex.backend.model.User)
[ERROR]   location: variable item of type com.eduflex.backend.model.QuestionBankItem
[ERROR] /E:/Projekt/EduFlex/eduflex/src/main/java/com/eduflex/backend/controller/QuestionBankController.java:[70,35] cannot find symbol
[ERROR]   symbol:   method getDifficulty()
[ERROR]   location: variable q of type com.eduflex.backend.model.QuestionBankItem
[ERROR] -> [Help 1]
[ERROR] 
[ERROR] To see the full stack trace of the errors, re-run Maven with the -e switch.
[ERROR] Re-run Maven using the -X switch to enable full debug logging.
[ERROR] 
[ERROR] For more information about the errors and possible solutions, please read the following articles:
[ERROR] [Help 1] http://cwiki.apache.org/confluence/display/MAVEN/MojoFailureException
